<?xml version="1.0" encoding="UTF-8"?>
<!-- Generated by org.testng.reporters.JUnitReportReporter -->
<testsuite hostname="DESKTOP-QURQQ0V" failures="0" tests="10" name="nPRICED_GB_main.CreateRequest_GB" time="122.529" errors="1" timestamp="2020-03-30T11:31:18 IST" skipped="0">
  <testcase classname="nPRICED_GB_main.CreateRequest_GB" name="RIPC_Login" time="10.018"/>
  <testcase classname="nPRICED_GB_main.CreateRequest_GB" name="Create_Req" time="18.172"/>
  <testcase classname="nPRICED_GB_main.CreateRequest_GB" name="skill_Req" time="3.500"/>
  <testcase classname="nPRICED_GB_main.CreateRequest_GB" name="select_Req" time="13.431"/>
  <testcase classname="nPRICED_GB_main.CreateRequest_GB" name="select_jrss" time="7.432"/>
  <testcase classname="nPRICED_GB_main.CreateRequest_GB" name="req_detail" time="17.540"/>
  <testcase classname="nPRICED_GB_main.CreateRequest_GB" name="skill_loc" time="11.194"/>
  <testcase classname="nPRICED_GB_main.CreateRequest_GB" name="alert_check" time="0.013"/>
  <testcase classname="nPRICED_GB_main.CreateRequest_GB" name="skill_price" time="8.417"/>
  <testcase classname="nPRICED_GB_main.CreateRequest_GB" name="supp" time="32.812">
    <error message="TypeError: document.body is null
Build info: version: &#039;3.8.1&#039;, revision: &#039;6e95a6684b&#039;, time: &#039;2017-12-01T19:05:14.666Z&#039;
System info: host: &#039;DESKTOP-QURQQ0V&#039;, ip: &#039;9.85.110.28&#039;, os.name: &#039;Windows 10&#039;, os.arch: &#039;amd64&#039;, os.version: &#039;10.0&#039;, java.version: &#039;13&#039;
Driver info: org.openqa.selenium.firefox.FirefoxDriver
Capabilities {acceptInsecureCerts: true, browserName: firefox, browserVersion: 74.0, javascriptEnabled: true, moz:accessibilityChecks: false, moz:buildID: 20200309095159, moz:geckodriverVersion: 0.26.0, moz:headless: false, moz:processID: 3184, moz:profile: C:\Users\SriSwathiAnushaNul..., moz:shutdownTimeout: 60000, moz:useNonSpecCompliantPointerOrigin: false, moz:webdriverClick: true, pageLoadStrategy: normal, platform: WINDOWS, platformName: WINDOWS, platformVersion: 10.0, rotatable: false, setWindowRect: true, strictFileInteractability: false, timeouts: {implicit: 0, pageLoad: 300000, script: 30000}, unhandledPromptBehavior: dismiss and notify}
Session ID: 25d9c767-f349-4aad-a87b-3dedd7cf92a2" type="org.openqa.selenium.JavascriptException">
      <![CDATA[org.openqa.selenium.JavascriptException: TypeError: document.body is null
Build info: version: '3.8.1', revision: '6e95a6684b', time: '2017-12-01T19:05:14.666Z'
System info: host: 'DESKTOP-QURQQ0V', ip: '9.85.110.28', os.name: 'Windows 10', os.arch: 'amd64', os.version: '10.0', java.version: '13'
Driver info: org.openqa.selenium.firefox.FirefoxDriver
Capabilities {acceptInsecureCerts: true, browserName: firefox, browserVersion: 74.0, javascriptEnabled: true, moz:accessibilityChecks: false, moz:buildID: 20200309095159, moz:geckodriverVersion: 0.26.0, moz:headless: false, moz:processID: 3184, moz:profile: C:\Users\SriSwathiAnushaNul..., moz:shutdownTimeout: 60000, moz:useNonSpecCompliantPointerOrigin: false, moz:webdriverClick: true, pageLoadStrategy: normal, platform: WINDOWS, platformName: WINDOWS, platformVersion: 10.0, rotatable: false, setWindowRect: true, strictFileInteractability: false, timeouts: {implicit: 0, pageLoad: 300000, script: 30000}, unhandledPromptBehavior: dismiss and notify}
Session ID: 25d9c767-f349-4aad-a87b-3dedd7cf92a2
at java.base/jdk.internal.reflect.NativeConstructorAccessorImpl.newInstance0(Native Method)
at java.base/jdk.internal.reflect.NativeConstructorAccessorImpl.newInstance(NativeConstructorAccessorImpl.java:62)
at java.base/jdk.internal.reflect.DelegatingConstructorAccessorImpl.newInstance(DelegatingConstructorAccessorImpl.java:45)
at java.base/java.lang.reflect.Constructor.newInstanceWithCaller(Constructor.java:500)
at java.base/java.lang.reflect.Constructor.newInstance(Constructor.java:481)
at org.openqa.selenium.remote.http.W3CHttpResponseCodec.createException(W3CHttpResponseCodec.java:187)
at org.openqa.selenium.remote.http.W3CHttpResponseCodec.decode(W3CHttpResponseCodec.java:122)
at org.openqa.selenium.remote.http.W3CHttpResponseCodec.decode(W3CHttpResponseCodec.java:49)
at org.openqa.selenium.remote.HttpCommandExecutor.execute(HttpCommandExecutor.java:164)
at org.openqa.selenium.remote.service.DriverCommandExecutor.execute(DriverCommandExecutor.java:83)
at org.openqa.selenium.remote.RemoteWebDriver.execute(RemoteWebDriver.java:601)
at org.openqa.selenium.remote.RemoteWebDriver.executeScript(RemoteWebDriver.java:537)
at com.assertthat.selenium_shutterbug.utils.web.Browser.executeJsScript(Browser.java:195)
at com.assertthat.selenium_shutterbug.utils.web.Browser.getCurrentScrollX(Browser.java:153)
at com.assertthat.selenium_shutterbug.utils.web.Browser.takeScreenshotEntirePage(Browser.java:104)
at com.assertthat.selenium_shutterbug.core.Shutterbug.shootPage(Shutterbug.java:98)
at com.assertthat.selenium_shutterbug.core.Shutterbug.shootPage(Shutterbug.java:72)
at com.assertthat.selenium_shutterbug.core.Shutterbug.shootPage(Shutterbug.java:58)
at nPRICED_GB.Step01_CreateRequest_GB.SupplierSelectionPage(Step01_CreateRequest_GB.java:434)
at nPRICED_GB_main.CreateRequest_GB.supp(CreateRequest_GB.java:136)
at java.base/jdk.internal.reflect.NativeMethodAccessorImpl.invoke0(Native Method)
at java.base/jdk.internal.reflect.NativeMethodAccessorImpl.invoke(NativeMethodAccessorImpl.java:62)
at java.base/jdk.internal.reflect.DelegatingMethodAccessorImpl.invoke(DelegatingMethodAccessorImpl.java:43)
at java.base/java.lang.reflect.Method.invoke(Method.java:567)
at org.testng.internal.MethodInvocationHelper.invokeMethod(MethodInvocationHelper.java:133)
at org.testng.internal.TestInvoker.invokeMethod(TestInvoker.java:584)
at org.testng.internal.TestInvoker.invokeTestMethod(TestInvoker.java:172)
at org.testng.internal.MethodRunner.runInSequence(MethodRunner.java:46)
at org.testng.internal.TestInvoker$MethodInvocationAgent.invoke(TestInvoker.java:804)
at org.testng.internal.TestInvoker.invokeTestMethods(TestInvoker.java:145)
at org.testng.internal.TestMethodWorker.invokeTestMethods(TestMethodWorker.java:146)
at org.testng.internal.TestMethodWorker.run(TestMethodWorker.java:128)
at java.base/java.util.ArrayList.forEach(ArrayList.java:1507)
at org.testng.TestRunner.privateRun(TestRunner.java:770)
at org.testng.TestRunner.run(TestRunner.java:591)
at org.testng.SuiteRunner.runTest(SuiteRunner.java:402)
at org.testng.SuiteRunner.runSequentially(SuiteRunner.java:396)
at org.testng.SuiteRunner.privateRun(SuiteRunner.java:355)
at org.testng.SuiteRunner.run(SuiteRunner.java:304)
at org.testng.SuiteRunnerWorker.runSuite(SuiteRunnerWorker.java:53)
at org.testng.SuiteRunnerWorker.run(SuiteRunnerWorker.java:96)
at org.testng.TestNG.runSuitesSequentially(TestNG.java:1180)
at org.testng.TestNG.runSuitesLocally(TestNG.java:1102)
at org.testng.TestNG.runSuites(TestNG.java:1032)
at org.testng.TestNG.run(TestNG.java:1000)
at org.testng.remote.AbstractRemoteTestNG.run(AbstractRemoteTestNG.java:115)
at org.testng.remote.RemoteTestNG.initAndRun(RemoteTestNG.java:251)
at org.testng.remote.RemoteTestNG.main(RemoteTestNG.java:77)
]]>
    </error>
  </testcase> <!-- supp -->
</testsuite> <!-- nPRICED_GB_main.CreateRequest_GB -->
